<?xml version="1.0" encoding="UTF-8"?>
<!-- Generated by org.testng.reporters.JUnitReportReporter -->
<testsuite hostname="DESKTOP-4JVHJOM" failures="0" tests="1" name="com.saucelab.Testcase.RegressionTest" time="5.298" errors="0" timestamp="2024-06-07T19:34:32 IST" skipped="0">
  <testcase classname="com.saucelab.Testcase.RegressionTest" name="verifyLoginPageFunctionality" time="5.298"/>
  <system-out/>
</testsuite> <!-- com.saucelab.Testcase.RegressionTest -->
