<?xml version="1.0" encoding="UTF-8"?>
<!-- Generated by org.testng.reporters.JUnitReportReporter -->
<testsuite hostname="DESKTOP-4JVHJOM" failures="0" tests="1" name="com.saucelab.Testcase.LoginTest" time="1.616" errors="0" timestamp="2024-06-05T15:23:04 IST" skipped="0">
  <testcase classname="com.saucelab.Testcase.LoginTest" name="verifyLoginPageFunctionality" time="1.616"/>
  <system-out/>
</testsuite> <!-- com.saucelab.Testcase.LoginTest -->
