<?xml version="1.0" encoding="UTF-8"?>
<!-- Generated by org.testng.reporters.JUnitReportReporter -->
<testsuite hostname="DESKTOP-4JVHJOM" failures="0" tests="1" name="com.saucelab.Utilities.ReadConfig" time="0.021" errors="0" timestamp="2024-05-31T14:24:10 IST" skipped="0">
  <testcase classname="com.saucelab.Utilities.ReadConfig" name="read" time="0.021"/>
  <system-out/>
</testsuite> <!-- com.saucelab.Utilities.ReadConfig -->
